<?xml version="1.0" encoding="UTF-8"?>
<!-- Generated by org.testng.reporters.JUnitXMLReporter -->
<testsuite hostname="DESKTOP-0Q4P2KE" name="Test" tests="1" failures="1" timestamp="26 Feb 2021 17:24:46 GMT" time="20.884" errors="0">
  <testcase name="WebShop_Demo" time="0.057" classname="Testcases.Demo_Web_Shop">
    <failure type="java.lang.NullPointerException">
      <![CDATA[java.lang.NullPointerException
	at Base.Actionclass.CLICK(Actionclass.java:16)
	at PageObjects.Login.Loginto(Login.java:35)
	at Testcases.Demo_Web_Shop.WebShop_Demo(Demo_Web_Shop.java:44)
	at java.util.concurrent.ThreadPoolExecutor.runWorker(Unknown Source)
	at java.util.concurrent.ThreadPoolExecutor$Worker.run(Unknown Source)
	at java.lang.Thread.run(Unknown Source)
... Removed 10 stack frames]]>
    </failure>
  </testcase> <!-- WebShop_Demo -->
</testsuite> <!-- Test -->
