<?xml version="1.0" encoding="UTF-8"?>
<testng-results skipped="0" failed="1" total="1" passed="0">
  <reporter-output>
  </reporter-output>
  <suite name="Suite" duration-ms="20884" started-at="2021-02-26T17:24:24Z" finished-at="2021-02-26T17:24:45Z">
    <groups>
    </groups>
    <test name="Test" duration-ms="20884" started-at="2021-02-26T17:24:24Z" finished-at="2021-02-26T17:24:45Z">
      <class name="Testcases.Demo_Web_Shop">
        <test-method status="PASS" signature="setup()[pri:0, instance:Testcases.Demo_Web_Shop@548a9f61]" name="setup" is-config="true" duration-ms="104" started-at="2021-02-26T22:54:24Z" finished-at="2021-02-26T22:54:24Z">
          <reporter-output>
          </reporter-output>
        </test-method> <!-- setup -->
        <test-method status="PASS" signature="setup(java.lang.String, java.lang.String)[pri:0, instance:Testcases.Demo_Web_Shop@548a9f61]" name="setup" is-config="true" duration-ms="12083" started-at="2021-02-26T22:54:25Z" finished-at="2021-02-26T22:54:37Z">
          <params>
            <param index="0">
              <value>
                <![CDATA[chrome]]>
              </value>
            </param>
            <param index="1">
              <value>
                <![CDATA[http://demowebshop.tricentis.com/]]>
              </value>
            </param>
          </params>
          <reporter-output>
          </reporter-output>
        </test-method> <!-- setup -->
        <test-method status="FAIL" signature="WebShop_Demo()[pri:0, instance:Testcases.Demo_Web_Shop@548a9f61]" name="WebShop_Demo" duration-ms="57" started-at="2021-02-26T22:54:37Z" finished-at="2021-02-26T22:54:37Z">
          <exception class="java.lang.NullPointerException">
            <full-stacktrace>
              <![CDATA[java.lang.NullPointerException
	at Base.Actionclass.CLICK(Actionclass.java:16)
	at PageObjects.Login.Loginto(Login.java:35)
	at Testcases.Demo_Web_Shop.WebShop_Demo(Demo_Web_Shop.java:44)
	at sun.reflect.NativeMethodAccessorImpl.invoke0(Native Method)
	at sun.reflect.NativeMethodAccessorImpl.invoke(Unknown Source)
	at sun.reflect.DelegatingMethodAccessorImpl.invoke(Unknown Source)
	at java.lang.reflect.Method.invoke(Unknown Source)
	at org.testng.internal.MethodInvocationHelper.invokeMethod(MethodInvocationHelper.java:80)
	at org.testng.internal.Invoker.invokeMethod(Invoker.java:715)
	at org.testng.internal.Invoker.invokeTestMethod(Invoker.java:907)
	at org.testng.internal.Invoker.invokeTestMethods(Invoker.java:1237)
	at org.testng.internal.TestMethodWorker.invokeTestMethods(TestMethodWorker.java:127)
	at org.testng.internal.TestMethodWorker.run(TestMethodWorker.java:111)
	at java.util.concurrent.ThreadPoolExecutor.runWorker(Unknown Source)
	at java.util.concurrent.ThreadPoolExecutor$Worker.run(Unknown Source)
	at java.lang.Thread.run(Unknown Source)
]]>
            </full-stacktrace>
          </exception> <!-- java.lang.NullPointerException -->
          <reporter-output>
          </reporter-output>
        </test-method> <!-- WebShop_Demo -->
        <test-method status="PASS" signature="teardown(org.testng.ITestResult)[pri:0, instance:Testcases.Demo_Web_Shop@548a9f61]" name="teardown" is-config="true" duration-ms="4177" started-at="2021-02-26T22:54:37Z" finished-at="2021-02-26T22:54:41Z">
          <params>
            <param index="0">
              <value>
                <![CDATA[[TestResult: WebShop_Demo STATUS:FAILURE METHOD:Demo_Web_Shop.WebShop_Demo()[pri:0, instance:Testcases.Demo_Web_Shop@548a9f61]]
]]>
              </value>
            </param>
          </params>
          <reporter-output>
          </reporter-output>
        </test-method> <!-- teardown -->
        <test-method status="PASS" signature="teardown()[pri:0, instance:Testcases.Demo_Web_Shop@548a9f61]" name="teardown" is-config="true" duration-ms="4487" started-at="2021-02-26T22:54:41Z" finished-at="2021-02-26T22:54:45Z">
          <reporter-output>
          </reporter-output>
        </test-method> <!-- teardown -->
        <test-method status="PASS" signature="tearup()[pri:0, instance:Testcases.Demo_Web_Shop@548a9f61]" name="tearup" is-config="true" duration-ms="48" started-at="2021-02-26T22:54:46Z" finished-at="2021-02-26T22:54:46Z">
          <reporter-output>
          </reporter-output>
        </test-method> <!-- tearup -->
      </class> <!-- Testcases.Demo_Web_Shop -->
    </test> <!-- Test -->
  </suite> <!-- Suite -->
</testng-results>
