<?xml version="1.0" encoding="UTF-8"?>
<!-- Generated by org.testng.reporters.JUnitXMLReporter -->
<testsuite hostname="DESKTOP-0Q4P2KE" name="Test" tests="1" failures="1" timestamp="7 Jan 2021 19:19:49 GMT" time="0.036" errors="0">
  <testcase name="mms" time="0.016" classname="java_Practice.Order_of_TestngAnnotaions">
    <failure type="java.lang.NullPointerException">
      <![CDATA[java.lang.NullPointerException
	at java_Practice.Order_of_TestngAnnotaions.mms(Order_of_TestngAnnotaions.java:49)
... Removed 24 stack frames]]>
    </failure>
  </testcase> <!-- mms -->
</testsuite> <!-- Test -->
